1608765380066	mozrunner::runner	INFO	Running command: "/usr/bin/firefox" "-marionette" "-foreground" "-no-remote" "-profile" "/tmp/rust_mozprofile.KQ8845Q64xS1"
1608765381706	Marionette	INFO	Listening on port 43871
1608765381795	Marionette	WARN	TLS certificate errors will be ignored for this session
JavaScript error: https://10fastfingers.com/typing-test/english line 1 > scriptElement, line 2: ReferenceError: freestar is not defined
JavaScript error: https://10fastfingers.com/typing-test/english line 1 > scriptElement, line 2: ReferenceError: freestar is not defined
JavaScript warning: https://cdnjs.cloudflare.com/ajax/libs/jquery/1.10.2/jquery.min.js, line 2: Using //@ to indicate sourceMappingURL pragmas is deprecated. Use //# instead
JavaScript error: https://10fastfingers.com/typing-test/english line 1 > scriptElement, line 2: ReferenceError: freestar is not defined
1608765385202	Marionette	INFO	Stopped listening on port 43871
1608819942670	mozrunner::runner	INFO	Running command: "/usr/bin/firefox" "-marionette" "-foreground" "-no-remote" "-profile" "/tmp/rust_mozprofile.ZIgqbWM0wlJf"
1608819944237	Marionette	INFO	Listening on port 33585
1608819944274	Marionette	WARN	TLS certificate errors will be ignored for this session
JavaScript error: https://10fastfingers.com/typing-test/english line 1 > scriptElement, line 2: ReferenceError: freestar is not defined
JavaScript error: https://10fastfingers.com/typing-test/english line 1 > scriptElement, line 2: ReferenceError: freestar is not defined
JavaScript warning: https://cdnjs.cloudflare.com/ajax/libs/jquery/1.10.2/jquery.min.js, line 2: Using //@ to indicate sourceMappingURL pragmas is deprecated. Use //# instead
JavaScript error: https://10fastfingers.com/typing-test/english line 1 > scriptElement, line 2: ReferenceError: freestar is not defined
JavaScript error: https://10fastfingers.com/js/speedtest/speedtest.js?1607848515, line 249: TypeError: p is undefined
JavaScript error: https://live.sekindo.com/live/liveVideo.php?vpaidManager=sekindo&s=58057&ri=6C69766553746174737C736B317B54307D7B64323032302D31322D32345F31367D7B7331343433373136357D7B4336317D7B534D54426D59584E305A6D6C755A3256796379356A6232303D7D7B6266697265666F787D7B716465736B746F707D7B6F6C696E75787D7B583730307D7B593437367D7B66317D7B4C383936367DFEFE&userIpAddr=82.251.16.108&userUA=Mozilla%2F5.0+%28X11%3B+Linux+x86_64%3B+rv%3A78.0%29+Gecko%2F20100101+Firefox%2F78.0&debugInformation=&isWePassGdpr=0&schain=1.0%2C1%21freestar.com%2C19%2C1&noViewableMidrollPolicy=vary&isDoublePreroll=1&autoSkipVideoSec=30&c2pWaitTime=10&csuuid=5fe4a4eff0195&debugInfo=14437165_&debugPlayerSession=&pubUrlDEMO=&isAsyncDEMO=0&customPlaylistIdDEMO=&sta=14437165&showLogo=0&clkUrl=&plMult=-1&schedule=eyJwcmVfcm9sbCI6MSwibWlkX3JvbGwiOltdLCJnYXAiOiJhdXRvIn0%3D&content=plembed20f8xykoqtiu&secondaryContent=&x=700&y=476&pubUrl=https%3A%2F%2F10fastfingers.com%2Ftyping-test%2Fenglish&contentNum=1&flow_closeBtn=1&flowCloseTimeout=0&flow_closeButtonPosition=right&flow_direction=br&flow_horizontalOffset=10&flow_bottomOffset=105&impGap=2&flow_width=400&flow_height=225&videoType=sticky&gdpr=1&gdprConsent=&contentFeedId=&geoLati=48.8579&geoLong=2.3491&vpTemplate=8966&flowMode=both&isRealPreroll=0&playerApiId=freestarPrimisPlayer&isApp=0&ccpa=0&ccpaConsent=, line 325: TypeError: i.config is undefined
JavaScript error: https://10fastfingers.com/js/speedtest/speedtest.js?1607848515, line 267: TypeError: words[word_pointer] is undefined
JavaScript error: https://10fastfingers.com/js/speedtest/speedtest.js?1607848515, line 267: TypeError: words[word_pointer] is undefined
JavaScript error: https://10fastfingers.com/js/speedtest/speedtest.js?1607848515, line 267: TypeError: words[word_pointer] is undefined
JavaScript error: https://10fastfingers.com/js/speedtest/speedtest.js?1607848515, line 267: TypeError: words[word_pointer] is undefined
JavaScript error: https://live.sekindo.com/live/liveVideo.php?vpaidManager=sekindo&s=58057&ri=6C69766553746174737C736B317B54307D7B64323032302D31322D32345F31367D7B7331343433373136357D7B4336317D7B534D54426D59584E305A6D6C755A3256796379356A6232303D7D7B6266697265666F787D7B716465736B746F707D7B6F6C696E75787D7B583730307D7B593437367D7B66317D7B4C383936367DFEFE&userIpAddr=82.251.16.108&userUA=Mozilla%2F5.0+%28X11%3B+Linux+x86_64%3B+rv%3A78.0%29+Gecko%2F20100101+Firefox%2F78.0&debugInformation=&isWePassGdpr=0&schain=1.0%2C1%21freestar.com%2C19%2C1&noViewableMidrollPolicy=vary&isDoublePreroll=1&autoSkipVideoSec=30&c2pWaitTime=10&csuuid=5fe4a4eff0195&debugInfo=14437165_&debugPlayerSession=&pubUrlDEMO=&isAsyncDEMO=0&customPlaylistIdDEMO=&sta=14437165&showLogo=0&clkUrl=&plMult=-1&schedule=eyJwcmVfcm9sbCI6MSwibWlkX3JvbGwiOltdLCJnYXAiOiJhdXRvIn0%3D&content=plembed20f8xykoqtiu&secondaryContent=&x=700&y=476&pubUrl=https%3A%2F%2F10fastfingers.com%2Ftyping-test%2Fenglish&contentNum=1&flow_closeBtn=1&flowCloseTimeout=0&flow_closeButtonPosition=right&flow_direction=br&flow_horizontalOffset=10&flow_bottomOffset=105&impGap=2&flow_width=400&flow_height=225&videoType=sticky&gdpr=1&gdprConsent=&contentFeedId=&geoLati=48.8579&geoLong=2.3491&vpTemplate=8966&flowMode=both&isRealPreroll=0&playerApiId=freestarPrimisPlayer&isApp=0&ccpa=0&ccpaConsent=, line 332: TypeError: i.config is undefined
1608820071481	Marionette	INFO	Stopped listening on port 33585
1608820100558	mozrunner::runner	INFO	Running command: "/usr/bin/firefox" "-marionette" "-foreground" "-no-remote" "-profile" "/tmp/rust_mozprofile.AtAMX7PX1g6P"
1608820102330	Marionette	INFO	Listening on port 34093
1608820102366	Marionette	WARN	TLS certificate errors will be ignored for this session
JavaScript error: https://10fastfingers.com/typing-test/english line 1 > scriptElement, line 2: ReferenceError: freestar is not defined
JavaScript error: https://10fastfingers.com/typing-test/english line 1 > scriptElement, line 2: ReferenceError: freestar is not defined
JavaScript warning: https://cdnjs.cloudflare.com/ajax/libs/jquery/1.10.2/jquery.min.js, line 2: Using //@ to indicate sourceMappingURL pragmas is deprecated. Use //# instead
JavaScript error: https://10fastfingers.com/typing-test/english line 1 > scriptElement, line 2: ReferenceError: freestar is not defined
JavaScript error: https://10fastfingers.com/js/speedtest/speedtest.js?1607848515, line 249: TypeError: p is undefined
JavaScript error: https://10fastfingers.com/js/speedtest/speedtest.js?1607848515, line 267: TypeError: words[word_pointer] is undefined
JavaScript error: https://live.sekindo.com/live/liveVideo.php?vpaidManager=sekindo&s=58057&ri=6C69766553746174737C736B317B54307D7B64323032302D31322D32345F31367D7B7331343433373136357D7B4336317D7B534D54426D59584E305A6D6C755A3256796379356A6232303D7D7B6266697265666F787D7B716465736B746F707D7B6F6C696E75787D7B583730307D7B593437367D7B66317D7B4C383936367DFEFE&userIpAddr=82.251.16.108&userUA=Mozilla%2F5.0+%28X11%3B+Linux+x86_64%3B+rv%3A78.0%29+Gecko%2F20100101+Firefox%2F78.0&debugInformation=&isWePassGdpr=0&schain=1.0%2C1%21freestar.com%2C19%2C1&noViewableMidrollPolicy=vary&isDoublePreroll=1&autoSkipVideoSec=30&c2pWaitTime=10&csuuid=5fe4a58bb3918&debugInfo=14437165_&debugPlayerSession=&pubUrlDEMO=&isAsyncDEMO=0&customPlaylistIdDEMO=&sta=14437165&showLogo=0&clkUrl=&plMult=-1&schedule=eyJwcmVfcm9sbCI6MSwibWlkX3JvbGwiOltdLCJnYXAiOiJhdXRvIn0%3D&content=plembed20f8xykoqtiu&secondaryContent=&x=700&y=476&pubUrl=https%3A%2F%2F10fastfingers.com%2Ftyping-test%2Fenglish&contentNum=1&flow_closeBtn=1&flowCloseTimeout=0&flow_closeButtonPosition=right&flow_direction=br&flow_horizontalOffset=10&flow_bottomOffset=105&impGap=2&flow_width=400&flow_height=225&videoType=sticky&gdpr=1&gdprConsent=&contentFeedId=&geoLati=48.8579&geoLong=2.3491&vpTemplate=8966&flowMode=both&isRealPreroll=0&playerApiId=freestarPrimisPlayer&isApp=0&ccpa=0&ccpaConsent=, line 325: TypeError: i.config is undefined
JavaScript error: https://10fastfingers.com/js/speedtest/speedtest.js?1607848515, line 267: TypeError: words[word_pointer] is undefined
JavaScript error: https://10fastfingers.com/js/speedtest/speedtest.js?1607848515, line 267: TypeError: words[word_pointer] is undefined
JavaScript error: https://10fastfingers.com/js/speedtest/speedtest.js?1607848515, line 267: TypeError: words[word_pointer] is undefined
JavaScript error: https://10fastfingers.com/js/speedtest/speedtest.js?1607848515, line 236: TypeError: words[word_pointer] is undefined
JavaScript error: https://10fastfingers.com/js/speedtest/speedtest.js?1607848515, line 267: TypeError: words[word_pointer] is undefined
JavaScript error: https://10fastfingers.com/js/speedtest/speedtest.js?1607848515, line 267: TypeError: words[word_pointer] is undefined
JavaScript error: https://10fastfingers.com/js/speedtest/speedtest.js?1607848515, line 267: TypeError: words[word_pointer] is undefined
JavaScript error: https://10fastfingers.com/js/speedtest/speedtest.js?1607848515, line 236: TypeError: words[word_pointer] is undefined
JavaScript error: https://10fastfingers.com/js/speedtest/speedtest.js?1607848515, line 267: TypeError: words[word_pointer] is undefined
JavaScript error: https://10fastfingers.com/js/speedtest/speedtest.js?1607848515, line 267: TypeError: words[word_pointer] is undefined
JavaScript error: https://10fastfingers.com/js/speedtest/speedtest.js?1607848515, line 267: TypeError: words[word_pointer] is undefined
JavaScript error: https://10fastfingers.com/js/speedtest/speedtest.js?1607848515, line 267: TypeError: words[word_pointer] is undefined
JavaScript error: https://10fastfingers.com/js/speedtest/speedtest.js?1607848515, line 236: TypeError: words[word_pointer] is undefined
JavaScript error: https://10fastfingers.com/js/speedtest/speedtest.js?1607848515, line 267: TypeError: words[word_pointer] is undefined
JavaScript error: https://10fastfingers.com/js/speedtest/speedtest.js?1607848515, line 267: TypeError: words[word_pointer] is undefined
JavaScript error: https://10fastfingers.com/js/speedtest/speedtest.js?1607848515, line 236: TypeError: words[word_pointer] is undefined
JavaScript error: https://10fastfingers.com/js/speedtest/speedtest.js?1607848515, line 267: TypeError: words[word_pointer] is undefined
JavaScript error: https://10fastfingers.com/js/speedtest/speedtest.js?1607848515, line 267: TypeError: words[word_pointer] is undefined
JavaScript error: https://10fastfingers.com/js/speedtest/speedtest.js?1607848515, line 267: TypeError: words[word_pointer] is undefined
JavaScript error: https://10fastfingers.com/js/speedtest/speedtest.js?1607848515, line 267: TypeError: words[word_pointer] is undefined
JavaScript error: https://10fastfingers.com/js/speedtest/speedtest.js?1607848515, line 267: TypeError: words[word_pointer] is undefined
JavaScript error: https://10fastfingers.com/js/speedtest/speedtest.js?1607848515, line 267: TypeError: words[word_pointer] is undefined
JavaScript error: https://10fastfingers.com/js/speedtest/speedtest.js?1607848515, line 267: TypeError: words[word_pointer] is undefined
JavaScript error: https://10fastfingers.com/js/speedtest/speedtest.js?1607848515, line 267: TypeError: words[word_pointer] is undefined
JavaScript error: https://10fastfingers.com/js/speedtest/speedtest.js?1607848515, line 236: TypeError: words[word_pointer] is undefined
JavaScript error: https://10fastfingers.com/js/speedtest/speedtest.js?1607848515, line 267: TypeError: words[word_pointer] is undefined
JavaScript error: https://10fastfingers.com/js/speedtest/speedtest.js?1607848515, line 267: TypeError: words[word_pointer] is undefined
JavaScript error: https://10fastfingers.com/js/speedtest/speedtest.js?1607848515, line 236: TypeError: words[word_pointer] is undefined
JavaScript error: https://10fastfingers.com/js/speedtest/speedtest.js?1607848515, line 267: TypeError: words[word_pointer] is undefined
JavaScript error: https://10fastfingers.com/js/speedtest/speedtest.js?1607848515, line 267: TypeError: words[word_pointer] is undefined
JavaScript error: https://10fastfingers.com/js/speedtest/speedtest.js?1607848515, line 267: TypeError: words[word_pointer] is undefined
JavaScript error: https://10fastfingers.com/js/speedtest/speedtest.js?1607848515, line 267: TypeError: words[word_pointer] is undefined
JavaScript error: https://10fastfingers.com/js/speedtest/speedtest.js?1607848515, line 267: TypeError: words[word_pointer] is undefined
JavaScript error: https://10fastfingers.com/js/speedtest/speedtest.js?1607848515, line 267: TypeError: words[word_pointer] is undefined
JavaScript error: https://10fastfingers.com/js/speedtest/speedtest.js?1607848515, line 236: TypeError: words[word_pointer] is undefined
JavaScript error: https://10fastfingers.com/js/speedtest/speedtest.js?1607848515, line 267: TypeError: words[word_pointer] is undefined
JavaScript error: https://10fastfingers.com/js/speedtest/speedtest.js?1607848515, line 267: TypeError: words[word_pointer] is undefined
JavaScript error: https://10fastfingers.com/js/speedtest/speedtest.js?1607848515, line 267: TypeError: words[word_pointer] is undefined
JavaScript error: https://10fastfingers.com/js/speedtest/speedtest.js?1607848515, line 267: TypeError: words[word_pointer] is undefined
JavaScript error: https://10fastfingers.com/js/speedtest/speedtest.js?1607848515, line 267: TypeError: words[word_pointer] is undefined
JavaScript error: https://10fastfingers.com/js/speedtest/speedtest.js?1607848515, line 267: TypeError: words[word_pointer] is undefined
JavaScript error: https://live.sekindo.com/live/liveVideo.php?vpaidManager=sekindo&s=58057&ri=6C69766553746174737C736B317B54307D7B64323032302D31322D32345F31367D7B7331343433373136357D7B4336317D7B534D54426D59584E305A6D6C755A3256796379356A6232303D7D7B6266697265666F787D7B716465736B746F707D7B6F6C696E75787D7B583730307D7B593437367D7B66317D7B4C383936367DFEFE&userIpAddr=82.251.16.108&userUA=Mozilla%2F5.0+%28X11%3B+Linux+x86_64%3B+rv%3A78.0%29+Gecko%2F20100101+Firefox%2F78.0&debugInformation=&isWePassGdpr=0&schain=1.0%2C1%21freestar.com%2C19%2C1&noViewableMidrollPolicy=vary&isDoublePreroll=1&autoSkipVideoSec=30&c2pWaitTime=10&csuuid=5fe4a58bb3918&debugInfo=14437165_&debugPlayerSession=&pubUrlDEMO=&isAsyncDEMO=0&customPlaylistIdDEMO=&sta=14437165&showLogo=0&clkUrl=&plMult=-1&schedule=eyJwcmVfcm9sbCI6MSwibWlkX3JvbGwiOltdLCJnYXAiOiJhdXRvIn0%3D&content=plembed20f8xykoqtiu&secondaryContent=&x=700&y=476&pubUrl=https%3A%2F%2F10fastfingers.com%2Ftyping-test%2Fenglish&contentNum=1&flow_closeBtn=1&flowCloseTimeout=0&flow_closeButtonPosition=right&flow_direction=br&flow_horizontalOffset=10&flow_bottomOffset=105&impGap=2&flow_width=400&flow_height=225&videoType=sticky&gdpr=1&gdprConsent=&contentFeedId=&geoLati=48.8579&geoLong=2.3491&vpTemplate=8966&flowMode=both&isRealPreroll=0&playerApiId=freestarPrimisPlayer&isApp=0&ccpa=0&ccpaConsent=, line 332: TypeError: i.config is undefined
1608820186031	Marionette	INFO	Stopped listening on port 34093
1608820287133	mozrunner::runner	INFO	Running command: "/usr/bin/firefox" "-marionette" "-foreground" "-no-remote" "-profile" "/tmp/rust_mozprofile.XWyNacqzG8aj"
1608820288835	Marionette	INFO	Listening on port 40101
1608820288847	Marionette	WARN	TLS certificate errors will be ignored for this session
JavaScript error: https://10fastfingers.com/typing-test/english line 1 > scriptElement, line 2: ReferenceError: freestar is not defined
JavaScript error: https://10fastfingers.com/typing-test/english line 1 > scriptElement, line 2: ReferenceError: freestar is not defined
JavaScript warning: https://cdnjs.cloudflare.com/ajax/libs/jquery/1.10.2/jquery.min.js, line 2: Using //@ to indicate sourceMappingURL pragmas is deprecated. Use //# instead
JavaScript error: https://10fastfingers.com/typing-test/english line 1 > scriptElement, line 2: ReferenceError: freestar is not defined
JavaScript error: https://10fastfingers.com/js/speedtest/speedtest.js?1607848515, line 249: TypeError: p is undefined
JavaScript error: https://live.sekindo.com/live/liveVideo.php?vpaidManager=sekindo&s=58057&ri=6C69766553746174737C736B317B54307D7B64323032302D31322D32345F31367D7B7331343433373136357D7B4336317D7B534D54426D59584E305A6D6C755A3256796379356A6232303D7D7B6266697265666F787D7B716465736B746F707D7B6F6C696E75787D7B583730307D7B593437367D7B66317D7B4C383936367DFEFE&userIpAddr=82.251.16.108&userUA=Mozilla%2F5.0+%28X11%3B+Linux+x86_64%3B+rv%3A78.0%29+Gecko%2F20100101+Firefox%2F78.0&debugInformation=&isWePassGdpr=0&schain=1.0%2C1%21freestar.com%2C19%2C1&noViewableMidrollPolicy=vary&isDoublePreroll=1&autoSkipVideoSec=30&c2pWaitTime=10&csuuid=5fe4a64bb58d5&debugInfo=14437165_&debugPlayerSession=&pubUrlDEMO=&isAsyncDEMO=0&customPlaylistIdDEMO=&sta=14437165&showLogo=0&clkUrl=&plMult=-1&schedule=eyJwcmVfcm9sbCI6MSwibWlkX3JvbGwiOltdLCJnYXAiOiJhdXRvIn0%3D&content=plembed20f8xykoqtiu&secondaryContent=&x=700&y=476&pubUrl=https%3A%2F%2F10fastfingers.com%2Ftyping-test%2Fenglish&contentNum=1&flow_closeBtn=1&flowCloseTimeout=0&flow_closeButtonPosition=right&flow_direction=br&flow_horizontalOffset=10&flow_bottomOffset=105&impGap=2&flow_width=400&flow_height=225&videoType=sticky&gdpr=1&gdprConsent=&contentFeedId=&geoLati=48.8579&geoLong=2.3491&vpTemplate=8966&flowMode=both&isRealPreroll=0&playerApiId=freestarPrimisPlayer&isApp=0&ccpa=0&ccpaConsent=, line 325: TypeError: i.config is undefined
Exiting due to channel error.
[GFX1-]: Receive IPC close with reason=AbnormalShutdown
Exiting due to channel error.
Exiting due to channel error.
1608820520853	mozrunner::runner	INFO	Running command: "/usr/bin/firefox" "-marionette" "-foreground" "-no-remote" "-profile" "/tmp/rust_mozprofile.uIO5PiHUrqeU"
1608820522287	Marionette	INFO	Listening on port 36459
1608820522360	Marionette	WARN	TLS certificate errors will be ignored for this session
JavaScript error: https://10fastfingers.com/typing-test/english line 1 > scriptElement, line 2: ReferenceError: freestar is not defined
JavaScript error: https://10fastfingers.com/typing-test/english line 1 > scriptElement, line 2: ReferenceError: freestar is not defined
JavaScript warning: https://cdnjs.cloudflare.com/ajax/libs/jquery/1.10.2/jquery.min.js, line 2: Using //@ to indicate sourceMappingURL pragmas is deprecated. Use //# instead
JavaScript error: https://10fastfingers.com/typing-test/english line 1 > scriptElement, line 2: ReferenceError: freestar is not defined
JavaScript error: https://live.sekindo.com/live/liveVideo.php?vpaidManager=sekindo&s=58057&ri=6C69766553746174737C736B317B54307D7B64323032302D31322D32345F31367D7B7331343433373136357D7B4336317D7B534D54426D59584E305A6D6C755A3256796379356A6232303D7D7B6266697265666F787D7B716465736B746F707D7B6F6C696E75787D7B583730307D7B593437367D7B66317D7B4C383936367DFEFE&userIpAddr=82.251.16.108&userUA=Mozilla%2F5.0+%28X11%3B+Linux+x86_64%3B+rv%3A78.0%29+Gecko%2F20100101+Firefox%2F78.0&debugInformation=&isWePassGdpr=0&schain=1.0%2C1%21freestar.com%2C19%2C1&noViewableMidrollPolicy=vary&isDoublePreroll=1&autoSkipVideoSec=30&c2pWaitTime=10&csuuid=5fe4a72f6ca92&debugInfo=14437165_&debugPlayerSession=&pubUrlDEMO=&isAsyncDEMO=0&customPlaylistIdDEMO=&sta=14437165&showLogo=0&clkUrl=&plMult=-1&schedule=eyJwcmVfcm9sbCI6MSwibWlkX3JvbGwiOltdLCJnYXAiOiJhdXRvIn0%3D&content=plembed20f8xykoqtiu&secondaryContent=&x=700&y=476&pubUrl=https%3A%2F%2F10fastfingers.com%2Ftyping-test%2Fenglish&contentNum=1&flow_closeBtn=1&flowCloseTimeout=0&flow_closeButtonPosition=right&flow_direction=br&flow_horizontalOffset=10&flow_bottomOffset=105&impGap=2&flow_width=400&flow_height=225&videoType=sticky&gdpr=1&gdprConsent=&contentFeedId=&geoLati=48.8579&geoLong=2.3491&vpTemplate=8966&flowMode=both&isRealPreroll=0&playerApiId=freestarPrimisPlayer&isApp=0&ccpa=0&ccpaConsent=, line 325: TypeError: i.config is undefined
JavaScript error: https://live.sekindo.com/live/liveVideo.php?vpaidManager=sekindo&s=58057&ri=6C69766553746174737C736B317B54307D7B64323032302D31322D32345F31367D7B7331343433373136357D7B4336317D7B534D54426D59584E305A6D6C755A3256796379356A6232303D7D7B6266697265666F787D7B716465736B746F707D7B6F6C696E75787D7B583730307D7B593437367D7B66317D7B4C383936367DFEFE&userIpAddr=82.251.16.108&userUA=Mozilla%2F5.0+%28X11%3B+Linux+x86_64%3B+rv%3A78.0%29+Gecko%2F20100101+Firefox%2F78.0&debugInformation=&isWePassGdpr=0&schain=1.0%2C1%21freestar.com%2C19%2C1&noViewableMidrollPolicy=vary&isDoublePreroll=1&autoSkipVideoSec=30&c2pWaitTime=10&csuuid=5fe4a72f6ca92&debugInfo=14437165_&debugPlayerSession=&pubUrlDEMO=&isAsyncDEMO=0&customPlaylistIdDEMO=&sta=14437165&showLogo=0&clkUrl=&plMult=-1&schedule=eyJwcmVfcm9sbCI6MSwibWlkX3JvbGwiOltdLCJnYXAiOiJhdXRvIn0%3D&content=plembed20f8xykoqtiu&secondaryContent=&x=700&y=476&pubUrl=https%3A%2F%2F10fastfingers.com%2Ftyping-test%2Fenglish&contentNum=1&flow_closeBtn=1&flowCloseTimeout=0&flow_closeButtonPosition=right&flow_direction=br&flow_horizontalOffset=10&flow_bottomOffset=105&impGap=2&flow_width=400&flow_height=225&videoType=sticky&gdpr=1&gdprConsent=&contentFeedId=&geoLati=48.8579&geoLong=2.3491&vpTemplate=8966&flowMode=both&isRealPreroll=0&playerApiId=freestarPrimisPlayer&isApp=0&ccpa=0&ccpaConsent=, line 332: TypeError: i.config is undefined
1608820566584	Marionette	INFO	Stopped listening on port 36459
1608820593794	mozrunner::runner	INFO	Running command: "/usr/bin/firefox" "-marionette" "-foreground" "-no-remote" "-profile" "/tmp/rust_mozprofile.aKyCd042T5DA"
1608820595368	Marionette	INFO	Listening on port 38291
1608820595399	Marionette	WARN	TLS certificate errors will be ignored for this session
JavaScript error: https://10fastfingers.com/typing-test/english line 1 > scriptElement, line 2: ReferenceError: freestar is not defined
JavaScript error: https://10fastfingers.com/typing-test/english line 1 > scriptElement, line 2: ReferenceError: freestar is not defined
JavaScript warning: https://cdnjs.cloudflare.com/ajax/libs/jquery/1.10.2/jquery.min.js, line 2: Using //@ to indicate sourceMappingURL pragmas is deprecated. Use //# instead
JavaScript error: https://10fastfingers.com/typing-test/english line 1 > scriptElement, line 2: ReferenceError: freestar is not defined
JavaScript error: https://live.sekindo.com/live/liveVideo.php?vpaidManager=sekindo&s=58057&ri=6C69766553746174737C736B317B54307D7B64323032302D31322D32345F31367D7B7331343433373136357D7B4336317D7B534D54426D59584E305A6D6C755A3256796379356A6232303D7D7B6266697265666F787D7B716465736B746F707D7B6F6C696E75787D7B583730307D7B593437367D7B66317D7B4C383936367DFEFE&userIpAddr=82.251.16.108&userUA=Mozilla%2F5.0+%28X11%3B+Linux+x86_64%3B+rv%3A78.0%29+Gecko%2F20100101+Firefox%2F78.0&debugInformation=&isWePassGdpr=0&schain=1.0%2C1%21freestar.com%2C19%2C1&noViewableMidrollPolicy=vary&isDoublePreroll=1&autoSkipVideoSec=30&c2pWaitTime=10&csuuid=5fe4a77e5b846&debugInfo=14437165_&debugPlayerSession=&pubUrlDEMO=&isAsyncDEMO=0&customPlaylistIdDEMO=&sta=14437165&showLogo=0&clkUrl=&plMult=-1&schedule=eyJwcmVfcm9sbCI6MSwibWlkX3JvbGwiOltdLCJnYXAiOiJhdXRvIn0%3D&content=plembed20f8xykoqtiu&secondaryContent=&x=700&y=476&pubUrl=https%3A%2F%2F10fastfingers.com%2Ftyping-test%2Fenglish&contentNum=1&flow_closeBtn=1&flowCloseTimeout=0&flow_closeButtonPosition=right&flow_direction=br&flow_horizontalOffset=10&flow_bottomOffset=105&impGap=2&flow_width=400&flow_height=225&videoType=sticky&gdpr=1&gdprConsent=&contentFeedId=&geoLati=48.8579&geoLong=2.3491&vpTemplate=8966&flowMode=both&isRealPreroll=0&playerApiId=freestarPrimisPlayer&isApp=0&ccpa=0&ccpaConsent=, line 325: TypeError: i.config is undefined
JavaScript error: https://live.sekindo.com/live/liveVideo.php?vpaidManager=sekindo&s=58057&ri=6C69766553746174737C736B317B54307D7B64323032302D31322D32345F31367D7B7331343433373136357D7B4336317D7B534D54426D59584E305A6D6C755A3256796379356A6232303D7D7B6266697265666F787D7B716465736B746F707D7B6F6C696E75787D7B583730307D7B593437367D7B66317D7B4C383936367DFEFE&userIpAddr=82.251.16.108&userUA=Mozilla%2F5.0+%28X11%3B+Linux+x86_64%3B+rv%3A78.0%29+Gecko%2F20100101+Firefox%2F78.0&debugInformation=&isWePassGdpr=0&schain=1.0%2C1%21freestar.com%2C19%2C1&noViewableMidrollPolicy=vary&isDoublePreroll=1&autoSkipVideoSec=30&c2pWaitTime=10&csuuid=5fe4a77e5b846&debugInfo=14437165_&debugPlayerSession=&pubUrlDEMO=&isAsyncDEMO=0&customPlaylistIdDEMO=&sta=14437165&showLogo=0&clkUrl=&plMult=-1&schedule=eyJwcmVfcm9sbCI6MSwibWlkX3JvbGwiOltdLCJnYXAiOiJhdXRvIn0%3D&content=plembed20f8xykoqtiu&secondaryContent=&x=700&y=476&pubUrl=https%3A%2F%2F10fastfingers.com%2Ftyping-test%2Fenglish&contentNum=1&flow_closeBtn=1&flowCloseTimeout=0&flow_closeButtonPosition=right&flow_direction=br&flow_horizontalOffset=10&flow_bottomOffset=105&impGap=2&flow_width=400&flow_height=225&videoType=sticky&gdpr=1&gdprConsent=&contentFeedId=&geoLati=48.8579&geoLong=2.3491&vpTemplate=8966&flowMode=both&isRealPreroll=0&playerApiId=freestarPrimisPlayer&isApp=0&ccpa=0&ccpaConsent=, line 332: TypeError: i.config is undefined
1608820731565	Marionette	INFO	Stopped listening on port 38291
1608820750751	mozrunner::runner	INFO	Running command: "/usr/bin/firefox" "-marionette" "-foreground" "-no-remote" "-profile" "/tmp/rust_mozprofile.4QcgxCJAVg6d"
1608820752245	Marionette	INFO	Listening on port 34247
1608820752258	Marionette	WARN	TLS certificate errors will be ignored for this session
JavaScript error: https://10fastfingers.com/typing-test/english line 1 > scriptElement, line 2: ReferenceError: freestar is not defined
JavaScript error: https://10fastfingers.com/typing-test/english line 1 > scriptElement, line 2: ReferenceError: freestar is not defined
JavaScript warning: https://cdnjs.cloudflare.com/ajax/libs/jquery/1.10.2/jquery.min.js, line 2: Using //@ to indicate sourceMappingURL pragmas is deprecated. Use //# instead
JavaScript error: https://10fastfingers.com/typing-test/english line 1 > scriptElement, line 2: ReferenceError: freestar is not defined
JavaScript error: https://live.sekindo.com/live/liveVideo.php?vpaidManager=sekindo&s=58057&ri=6C69766553746174737C736B317B54307D7B64323032302D31322D32345F31367D7B7331343433373136357D7B4336317D7B534D54426D59584E305A6D6C755A3256796379356A6232303D7D7B6266697265666F787D7B716465736B746F707D7B6F6C696E75787D7B583730307D7B593437367D7B66317D7B4C383936367DFEFE&userIpAddr=82.251.16.108&userUA=Mozilla%2F5.0+%28X11%3B+Linux+x86_64%3B+rv%3A78.0%29+Gecko%2F20100101+Firefox%2F78.0&debugInformation=&isWePassGdpr=0&schain=1.0%2C1%21freestar.com%2C19%2C1&noViewableMidrollPolicy=vary&isDoublePreroll=1&autoSkipVideoSec=30&c2pWaitTime=10&csuuid=5fe4a816bc5b2&debugInfo=14437165_&debugPlayerSession=&pubUrlDEMO=&isAsyncDEMO=0&customPlaylistIdDEMO=&sta=14437165&showLogo=0&clkUrl=&plMult=-1&schedule=eyJwcmVfcm9sbCI6MSwibWlkX3JvbGwiOltdLCJnYXAiOiJhdXRvIn0%3D&content=plembed20f8xykoqtiu&secondaryContent=&x=700&y=476&pubUrl=https%3A%2F%2F10fastfingers.com%2Ftyping-test%2Fenglish&contentNum=1&flow_closeBtn=1&flowCloseTimeout=0&flow_closeButtonPosition=right&flow_direction=br&flow_horizontalOffset=10&flow_bottomOffset=105&impGap=2&flow_width=400&flow_height=225&videoType=sticky&gdpr=1&gdprConsent=&contentFeedId=&geoLati=48.8579&geoLong=2.3491&vpTemplate=8966&flowMode=both&isRealPreroll=0&playerApiId=freestarPrimisPlayer&isApp=0&ccpa=0&ccpaConsent=, line 325: TypeError: i.config is undefined
JavaScript error: https://10fastfingers.com/js/speedtest/speedtest.js?1607848515, line 249: TypeError: p is undefined
JavaScript error: https://live.sekindo.com/live/liveVideo.php?vpaidManager=sekindo&s=58057&ri=6C69766553746174737C736B317B54307D7B64323032302D31322D32345F31367D7B7331343433373136357D7B4336317D7B534D54426D59584E305A6D6C755A3256796379356A6232303D7D7B6266697265666F787D7B716465736B746F707D7B6F6C696E75787D7B583730307D7B593437367D7B66317D7B4C383936367DFEFE&userIpAddr=82.251.16.108&userUA=Mozilla%2F5.0+%28X11%3B+Linux+x86_64%3B+rv%3A78.0%29+Gecko%2F20100101+Firefox%2F78.0&debugInformation=&isWePassGdpr=0&schain=1.0%2C1%21freestar.com%2C19%2C1&noViewableMidrollPolicy=vary&isDoublePreroll=1&autoSkipVideoSec=30&c2pWaitTime=10&csuuid=5fe4a816bc5b2&debugInfo=14437165_&debugPlayerSession=&pubUrlDEMO=&isAsyncDEMO=0&customPlaylistIdDEMO=&sta=14437165&showLogo=0&clkUrl=&plMult=-1&schedule=eyJwcmVfcm9sbCI6MSwibWlkX3JvbGwiOltdLCJnYXAiOiJhdXRvIn0%3D&content=plembed20f8xykoqtiu&secondaryContent=&x=700&y=476&pubUrl=https%3A%2F%2F10fastfingers.com%2Ftyping-test%2Fenglish&contentNum=1&flow_closeBtn=1&flowCloseTimeout=0&flow_closeButtonPosition=right&flow_direction=br&flow_horizontalOffset=10&flow_bottomOffset=105&impGap=2&flow_width=400&flow_height=225&videoType=sticky&gdpr=1&gdprConsent=&contentFeedId=&geoLati=48.8579&geoLong=2.3491&vpTemplate=8966&flowMode=both&isRealPreroll=0&playerApiId=freestarPrimisPlayer&isApp=0&ccpa=0&ccpaConsent=, line 332: TypeError: i.config is undefined
1608820870606	Marionette	INFO	Stopped listening on port 34247
